This is LuaTeX, Version beta-0.70.2-2012062819 (TeX Live 2012) (format=lualatex 2012.10.10)  16 NOV 2012 12:04
 restricted \write18 enabled.
**selnolig.tex
(./selnolig.tex
LaTeX2e <2011/06/27>
LuaTeX adaptation of babel <v3.8m-luatex-1.5> and hyphenation patterns for engl
ish, dumylang, nohyphenation, loaded.
(/usr/local/texlive/2012/texmf-dist/tex/latex/base/article.cls
Document Class: article 2007/10/19 v1.4h Standard LaTeX document class
(/usr/local/texlive/2012/texmf-dist/tex/latex/base/size12.clo
File: size12.clo 2007/10/19 v1.4h Standard LaTeX file (size option)
)
\c@part=\count79
\c@section=\count80
\c@subsection=\count81
\c@subsubsection=\count82
\c@paragraph=\count83
\c@subparagraph=\count84
\c@figure=\count85
\c@table=\count86
\abovecaptionskip=\skip41
\belowcaptionskip=\skip42
\bibindent=\dimen102
)
(/usr/local/texlive/2012/texmf-dist/tex/generic/oberdiek/ifluatex.sty
Package: ifluatex 2010/03/01 v1.3 Provides the ifluatex switch (HO)
Package ifluatex Info: LuaTeX detected.
)
(/usr/local/texlive/2012/texmf-dist/tex/latex/fontspec/fontspec.sty
Package: fontspec 2012/05/06 v2.2b Advanced font selection for XeLaTeX/LuaLaTeX


(/usr/local/texlive/2012/texmf-dist/tex/latex/l3kernel/expl3.sty
(/usr/local/texlive/2012/texmf-dist/tex/latex/l3kernel/l3names.sty
(/usr/local/texlive/2012/texmf-dist/tex/latex/l3kernel/l3bootstrap.sty
Package: l3bootstrap 2012/07/16 v3991 L3 Experimental bootstrap code

(/usr/local/texlive/2012/texmf-dist/tex/generic/oberdiek/luatex.sty
Package: luatex 2010/03/09 v0.4 LuaTeX basic definition package (HO)

(/usr/local/texlive/2012/texmf-dist/tex/generic/oberdiek/infwarerr.sty
Package: infwarerr 2010/04/08 v1.3 Providing info/warning/error messages (HO)
)
(/usr/local/texlive/2012/texmf-dist/tex/latex/etex-pkg/etex.sty
Package: etex 1998/03/26 v2.0 eTeX basic definition package (PEB)
\et@xins=\count87
)
\LuT@AllocAttribute=\count277
\LuT@AllocCatcodeTable=\count278
\CatcodeTableStack=\count279
\CatcodeTableIniTeX=\catcodetable1
\CatcodeTableString=\catcodetable3
\CatcodeTableOther=\catcodetable5
\CatcodeTableLaTeX=\catcodetable7

(/usr/local/texlive/2012/texmf-dist/tex/generic/oberdiek/luatex-loader.sty
Package: luatex-loader 2010/03/09 v0.4 Lua module loader (HO)

(/usr/local/texlive/2012/texmf-dist/scripts/oberdiek/oberdiek.luatex.lua)))
(/usr/local/texlive/2012/texmf-dist/tex/generic/oberdiek/pdftexcmds.sty
Package: pdftexcmds 2011/11/29 v0.20 Utility functions of pdfTeX for LuaTeX (HO
)

(/usr/local/texlive/2012/texmf-dist/tex/generic/oberdiek/ltxcmds.sty
Package: ltxcmds 2011/11/09 v1.22 LaTeX kernel commands for general use (HO)
)
(/usr/local/texlive/2012/texmf-dist/tex/generic/oberdiek/ifpdf.sty
Package: ifpdf 2011/01/30 v2.3 Provides the ifpdf switch (HO)
Package ifpdf Info: pdfTeX in PDF mode is detected.
)
Package pdftexcmds Info: \pdf@primitive is available.
Package pdftexcmds Info: \pdf@ifprimitive is available.
Package pdftexcmds Info: \pdfdraftmode found.
\pdftexcmds@toks=\toks14
))
Package: l3names 2012/09/24 v4230 L3 Namespace for primitives
)
Package: expl3 2012/09/29 v4249 L3 Experimental code bundle wrapper

(/usr/local/texlive/2012/texmf-dist/tex/latex/l3kernel/l3basics.sty
Package: l3basics 2012/09/09 v4212 L3 Basic definitions
)
(/usr/local/texlive/2012/texmf-dist/tex/latex/l3kernel/l3expan.sty
Package: l3expan 2012/08/28 v4149 L3 Argument expansion
)
(/usr/local/texlive/2012/texmf-dist/tex/latex/l3kernel/l3tl.sty
Package: l3tl 2012/09/28 v4244 L3 Token lists
)
(/usr/local/texlive/2012/texmf-dist/tex/latex/l3kernel/l3seq.sty
Package: l3seq 2012/09/09 v4212 L3 Sequences and stacks
)
(/usr/local/texlive/2012/texmf-dist/tex/latex/l3kernel/l3int.sty
Package: l3int 2012/09/26 v4237 L3 Integers
\c_max_int=\count280
\l_tmpa_int=\count281
\l_tmpb_int=\count282
\g_tmpa_int=\count283
\g_tmpb_int=\count284
\l_tmpc_int=\count285
)
(/usr/local/texlive/2012/texmf-dist/tex/latex/l3kernel/l3quark.sty
Package: l3quark 2012/08/08 v4065 L3 Quarks
)
(/usr/local/texlive/2012/texmf-dist/tex/latex/l3kernel/l3prg.sty
Package: l3prg 2012/09/09 v4212 L3 Control structures
\g__prg_map_int=\count286
)
(/usr/local/texlive/2012/texmf-dist/tex/latex/l3kernel/l3clist.sty
Package: l3clist 2012/09/09 v4212 L3 Comma separated lists
)
(/usr/local/texlive/2012/texmf-dist/tex/latex/l3kernel/l3token.sty
Package: l3token 2012/08/08 v4069 L3 Experimental token manipulation
)
(/usr/local/texlive/2012/texmf-dist/tex/latex/l3kernel/l3prop.sty
Package: l3prop 2012/09/09 v4212 L3 Property lists
)
(/usr/local/texlive/2012/texmf-dist/tex/latex/l3kernel/l3msg.sty
Package: l3msg 2012/09/09 v4212 L3 Messages
)
(/usr/local/texlive/2012/texmf-dist/tex/latex/l3kernel/l3file.sty
Package: l3file 2012/09/09 v4212 L3 File and I/O operations
\l__ior_stream_int=\count287
\l_iow_line_count_int=\count288
\l__iow_target_count_int=\count289
\l__iow_current_line_int=\count290
\l__iow_current_word_int=\count291
\l__iow_current_indentation_int=\count292
)
(/usr/local/texlive/2012/texmf-dist/tex/latex/l3kernel/l3skip.sty
Package: l3skip 2012/09/26 v4235 L3 Dimensions and skips
\l_tmpa_dim=\dimen256
\l_tmpb_dim=\dimen257
\g_tmpa_dim=\dimen258
\g_tmpb_dim=\dimen259
\l_tmpa_skip=\skip256
\l_tmpb_skip=\skip257
\g_tmpa_skip=\skip258
\g_tmpb_skip=\skip259
\c_zero_muskip=\muskip10
\c_max_muskip=\muskip11
\l_tmpa_muskip=\muskip12
\l_tmpb_muskip=\muskip13
\g_tmpa_muskip=\muskip14
\g_tmpb_muskip=\muskip15
)
(/usr/local/texlive/2012/texmf-dist/tex/latex/l3kernel/l3keys.sty
Package: l3keys 2012/09/29 v4248 L3 Experimental key-value interfaces
\g__keyval_level_int=\count293
\l_keys_choice_int=\count294
)
(/usr/local/texlive/2012/texmf-dist/tex/latex/l3kernel/l3fp.sty
Package: l3fp 2012/09/26 v4234 L3 Floating points
\c__fp_leading_shift_int=\count295
\c__fp_middle_shift_int=\count296
\c__fp_trailing_shift_int=\count297
\c__fp_big_leading_shift_int=\count298
\c__fp_big_middle_shift_int=\count299
\c__fp_big_trailing_shift_int=\count300
\c__fp_Bigg_leading_shift_int=\count301
\c__fp_Bigg_middle_shift_int=\count302
\c__fp_Bigg_trailing_shift_int=\count303
)
(/usr/local/texlive/2012/texmf-dist/tex/latex/l3kernel/l3box.sty
Package: l3box 2012/07/16 v3991 L3 Experimental boxes
\l_tmpb_box=\box256
\g_tmpa_box=\box257
\g_tmpb_box=\box258
)
(/usr/local/texlive/2012/texmf-dist/tex/latex/l3kernel/l3coffins.sty
Package: l3coffins 2012/09/09 v4212 L3 Coffin code layer
\l__coffin_internal_box=\box259
\l__coffin_internal_dim=\dimen260
\l__coffin_offset_x_dim=\dimen261
\l__coffin_offset_y_dim=\dimen262
\l__coffin_x_dim=\dimen263
\l__coffin_y_dim=\dimen264
\l__coffin_x_prime_dim=\dimen265
\l__coffin_y_prime_dim=\dimen266
\c_empty_coffin=\box260
\l__coffin_aligned_coffin=\box261
\l__coffin_aligned_internal_coffin=\box262
\l_tmpa_coffin=\box263
\l_tmpb_coffin=\box264
\l__coffin_display_coffin=\box265
\l__coffin_display_coord_coffin=\box266
\l__coffin_display_pole_coffin=\box267
\l__coffin_display_offset_dim=\dimen267
\l__coffin_display_x_dim=\dimen268
\l__coffin_display_y_dim=\dimen269
)
(/usr/local/texlive/2012/texmf-dist/tex/latex/l3kernel/l3color.sty
Package: l3color 2012/08/29 v4156 L3 Experimental color support
)
(/usr/local/texlive/2012/texmf-dist/tex/latex/l3kernel/l3luatex.sty
Package: l3luatex 2012/08/03 v4049 L3 Experimental LuaTeX-specific functions
\g__cctab_allocate_int=\count304
\g__cctab_stack_int=\count305
\c_code_cctab=\catcodetable9
)
(/usr/local/texlive/2012/texmf-dist/tex/latex/l3kernel/l3candidates.sty
Package: l3candidates 2012/05/12 v3633 L3 Experimental additions to l3kernel
\l__box_top_dim=\dimen270
\l__box_bottom_dim=\dimen271
\l__box_left_dim=\dimen272
\l__box_right_dim=\dimen273
\l__box_top_new_dim=\dimen274
\l__box_bottom_new_dim=\dimen275
\l__box_left_new_dim=\dimen276
\l__box_right_new_dim=\dimen277
\l__box_internal_box=\box268
\l__coffin_bounding_shift_dim=\dimen278
\l__coffin_left_corner_dim=\dimen279
\l__coffin_right_corner_dim=\dimen280
\l__coffin_bottom_corner_dim=\dimen281
\l__coffin_top_corner_dim=\dimen282
\l__coffin_scaled_total_height_dim=\dimen283
\l__coffin_scaled_width_dim=\dimen284
))
(/usr/local/texlive/2012/texmf-dist/tex/latex/l3packages/xparse/xparse.sty
Package: xparse 2012/09/29 v4249 L3 Experimental document command parser
\l__xparse_current_arg_int=\count306
\l__xparse_m_args_int=\count307
\l__xparse_mandatory_args_int=\count308
\l__xparse_processor_int=\count309
\l__xparse_v_nesting_int=\count310
)
(/usr/local/texlive/2012/texmf-dist/tex/luatex/luaotfload/luaotfload.sty
Package: luaotfload 2012/05/28 v1.27 OpenType layout system

(/usr/local/texlive/2012/texmf-dist/tex/luatex/luatexbase/luatexbase.sty
Package: luatexbase 2010/10/06 v0.3 Module utilities for LuaTeX

(/usr/local/texlive/2012/texmf-dist/tex/luatex/luatexbase/luatexbase-compat.sty
Package: luatexbase-compat 2010/10/10 v0.3 Compatibility tools for LuaTeX
)
(/usr/local/texlive/2012/texmf-dist/tex/luatex/luatexbase/luatexbase-loader.sty
Package: luatexbase-loader 2010/10/10 v0.3 Lua module loader for LuaTeX
(/usr/local/texlive/2012/texmf-dist/tex/luatex/luatexbase/luatexbase.loader.lua
))
(/usr/local/texlive/2012/texmf-dist/tex/luatex/luatexbase/luatexbase-regs.sty
Package: luatexbase-regs 2010/10/10 v0.3 Registers allocation for LuaTeX
)
(/usr/local/texlive/2012/texmf-dist/tex/luatex/luatexbase/luatexbase-attr.sty
Package: luatexbase-attr 2011/05/21 v0.31 Attributes allocation for LuaTeX

(/usr/local/texlive/2012/texmf-dist/tex/luatex/luatexbase/attr.lua))
(/usr/local/texlive/2012/texmf-dist/tex/luatex/luatexbase/luatexbase-cctb.sty
Package: luatexbase-cctb 2010/10/10 v0.3 Catcodetable allocation for LuaTeX

(/usr/local/texlive/2012/texmf-dist/tex/luatex/luatexbase/cctb.lua)
\lltxb@catcodetable@alloc=\count311
\CatcodeTableIniTeX=\luatexcatcodetable1
\CatcodeTableString=\luatexcatcodetable3
\CatcodeTableOther=\luatexcatcodetable5
\CatcodeTableLaTeX=\luatexcatcodetable7
\CatcodeTableLaTeXAtLetter=\luatexcatcodetable9
\CatcodeTableExpl=\luatexcatcodetable11
)
(/usr/local/texlive/2012/texmf-dist/tex/luatex/luatexbase/luatexbase-mcb.sty
Package: luatexbase-mcb 2010/10/10 v0.3 Callback management for LuaTeX

(/usr/local/texlive/2012/texmf-dist/tex/luatex/luatexbase/luatexbase-modutils.s
ty
Package: luatexbase-modutils 2010/10/10 v0.3 Module utilities for LuaTeX

(/usr/local/texlive/2012/texmf-dist/tex/luatex/luatexbase/modutils.lua))
(/usr/local/texlive/2012/texmf-dist/tex/luatex/luatexbase/mcb.lua)
Lua module: luatexbase-mcb 2010/05/12 0.2 register several functions in a callb
ack
))
(/usr/local/texlive/2012/texmf-dist/tex/luatex/lualibs/lualibs.lua)
Lua module: lualibs 2011/01/20 0.96 Lua additional functions.

(/usr/local/texlive/2012/texmf-dist/tex/luatex/lualibs/lualibs-string.lua)
(/usr/local/texlive/2012/texmf-dist/tex/luatex/lualibs/lualibs-lpeg.lua)
(/usr/local/texlive/2012/texmf-dist/tex/luatex/lualibs/lualibs-boolean.lua)
(/usr/local/texlive/2012/texmf-dist/tex/luatex/lualibs/lualibs-number.lua)
(/usr/local/texlive/2012/texmf-dist/tex/luatex/lualibs/lualibs-math.lua)
(/usr/local/texlive/2012/texmf-dist/tex/luatex/lualibs/lualibs-table.lua)
(/usr/local/texlive/2012/texmf-dist/tex/luatex/lualibs/lualibs-aux.lua)
(/usr/local/texlive/2012/texmf-dist/tex/luatex/lualibs/lualibs-io.lua)
(/usr/local/texlive/2012/texmf-dist/tex/luatex/lualibs/lualibs-os.lua)
(/usr/local/texlive/2012/texmf-dist/tex/luatex/lualibs/lualibs-file.lua)
(/usr/local/texlive/2012/texmf-dist/tex/luatex/lualibs/lualibs-md5.lua)
(/usr/local/texlive/2012/texmf-dist/tex/luatex/lualibs/lualibs-dir.lua)
(/usr/local/texlive/2012/texmf-dist/tex/luatex/lualibs/lualibs-unicode.lua)
(/usr/local/texlive/2012/texmf-dist/tex/luatex/lualibs/lualibs-utils.lua)
(/usr/local/texlive/2012/texmf-dist/tex/luatex/lualibs/lualibs-dimen.lua)
(/usr/local/texlive/2012/texmf-dist/tex/luatex/lualibs/lualibs-url.lua)
(/usr/local/texlive/2012/texmf-dist/tex/luatex/lualibs/lualibs-set.lua)
(/usr/local/texlive/2012/texmf-dist/tex/luatex/luaotfload/luaotfload.lua)
Lua module: luaotfload 2012/05/28 1.27 OpenType layout system.
luaotfload: loading file /usr/local/texlive/2012/texmf-dist/tex/luatex/luaotflo
ad/otfl-luat-dum.lua.(using cache: /Users/mico/Library/texlive/2012/texmf-var/l
uatex-cache/generic)
luaotfload: loading file /usr/local/texlive/2012/texmf-dist/tex/luatex/luaotflo
ad/otfl-luat-ovr.lua.
luaotfload: loading file /usr/local/texlive/2012/texmf-dist/tex/luatex/luaotflo
ad/otfl-data-con.lua.
luaotfload: loading file /usr/local/texlive/2012/texmf-dist/tex/luatex/luaotflo
ad/otfl-font-ini.lua.
luaotfload: loading file /usr/local/texlive/2012/texmf-dist/tex/luatex/luaotflo
ad/otfl-node-dum.lua.
luaotfload: loading file /usr/local/texlive/2012/texmf-dist/tex/luatex/luaotflo
ad/otfl-node-inj.lua.
luaotfload: loading file /usr/local/texlive/2012/texmf-dist/tex/luatex/luaotflo
ad/otfl-font-tfm.lua.
luatexbase.attributes["otfl@state"] = 1
luaotfload: loading file /usr/local/texlive/2012/texmf-dist/tex/luatex/luaotflo
ad/otfl-font-cid.lua.
luaotfload: loading file /usr/local/texlive/2012/texmf-dist/tex/luatex/luaotflo
ad/otfl-font-ott.lua.
luaotfload: loading file /usr/local/texlive/2012/texmf-dist/tex/luatex/luaotflo
ad/otfl-font-map.lua.
luaotfload: loading file /usr/local/texlive/2012/texmf-dist/tex/luatex/luaotflo
ad/otfl-font-otf.lua.
luaotfload: loading file /usr/local/texlive/2012/texmf-dist/tex/luatex/luaotflo
ad/otfl-font-otd.lua.
luaotfload: loading file /usr/local/texlive/2012/texmf-dist/tex/luatex/luaotflo
ad/otfl-font-oti.lua.
luaotfload: loading file /usr/local/texlive/2012/texmf-dist/tex/luatex/luaotflo
ad/otfl-font-otb.lua.
luaotfload: loading file /usr/local/texlive/2012/texmf-dist/tex/luatex/luaotflo
ad/otfl-font-otn.lua.
luatexbase.attributes["otfl@markbase"] = 2
luatexbase.attributes["otfl@markmark"] = 3
luatexbase.attributes["otfl@markdone"] = 4
luatexbase.attributes["otfl@cursbase"] = 5
luatexbase.attributes["otfl@curscurs"] = 6
luatexbase.attributes["otfl@cursdone"] = 7
luatexbase.attributes["otfl@kernpair"] = 8
luaotfload: loading file /usr/local/texlive/2012/texmf-dist/tex/luatex/luaotflo
ad/otfl-font-ota.lua.
luaotfload: loading file /usr/local/texlive/2012/texmf-dist/tex/luatex/luaotflo
ad/otfl-font-otc.lua.
luaotfload: loading file /usr/local/texlive/2012/texmf-dist/tex/luatex/luaotflo
ad/otfl-font-def.lua.
luaotfload: loading file /usr/local/texlive/2012/texmf-dist/tex/luatex/luaotflo
ad/otfl-font-xtx.lua.
luaotfload: loading file /usr/local/texlive/2012/texmf-dist/tex/luatex/luaotflo
ad/otfl-font-dum.lua.
luaotfload: loading file /usr/local/texlive/2012/texmf-dist/tex/luatex/luaotflo
ad/otfl-font-nms.lua.
luaotfload: loading file /usr/local/texlive/2012/texmf-dist/tex/luatex/luaotflo
ad/otfl-font-clr.lua.
Module luatexbase-mcb info: creating 'luaotfload.patch_font' type 4
Module luatexbase-mcb info: inserting 'luaotfload.pre_linebreak_filter'
(luatexbase-mcb)            at position 1 in 'pre_linebreak_filter'
Module luatexbase-mcb info: inserting 'luaotfload.hpack_filter'
(luatexbase-mcb)            at position 1 in 'hpack_filter'
Module luatexbase-mcb info: resetting callback 'define_font'
Module luatexbase-mcb info: inserting 'luaotfload.define_font'
(luatexbase-mcb)            at position 1 in 'define_font'
Module luatexbase-mcb info: inserting 'luaotfload.find_vf_file'
(luatexbase-mcb)            at position 1 in 'find_vf_file'
Module luatexbase-mcb info: inserting 'unicodemath.set_sscale_diments'
(luatexbase-mcb)            at position 1 in 'luaotfload.patch_font'
)
(/usr/local/texlive/2012/texmf-dist/tex/latex/fontspec/fontspec.lua)
Lua module: fontspec 2009/12/04 2 Advanced font selection for LuaLaTeX.

Module luatexbase-mcb info: inserting 'fontspec.set_capheight'
(luatexbase-mcb)            at position 2 in 'luaotfload.patch_font'
\l_fontspec_script_int=\count312
\l_fontspec_language_int=\count313
\l_fontspec_strnum_int=\count314
\l_fontspec_tmpa_dim=\dimen285
\l_fontspec_tmpb_dim=\dimen286
\l_fontspec_tmpc_dim=\dimen287
Variant \tl_gset:cV already defined; not changing it on line 66
(/usr/local/texlive/2012/texmf-dist/tex/latex/fontspec/fontspec-patches.sty
Package: fontspec-patches 2012/05/06 v2.2b Advanced font selection for XeLaTeX/
LuaLaTeX

(/usr/local/texlive/2012/texmf-dist/tex/latex/base/fixltx2e.sty
Package: fixltx2e 2006/09/13 v1.1m fixes to LaTeX
LaTeX Info: Redefining \em on input line 420.
)
LaTeX Info: Redefining \em on input line 22.
LaTeX Info: Redefining \emph on input line 29.
LaTeX Info: Redefining \- on input line 32.

*************************************************
* LaTeX warning: "xparse/redefine-command"
* 
* Redefining document command \oldstylenums with arg. spec. 'm' on line 107.
*************************************************
.................................................
. LaTeX info: "xparse/define-command"
. 
. Defining document command \liningnums with arg. spec. 'm' on line 111.
.................................................
) (/usr/local/texlive/2012/texmf-dist/tex/latex/fontspec/fontspec-luatex.sty
Package: fontspec-luatex 2012/05/06 v2.2b Advanced font selection for XeLaTeX/L
uaLaTeX

(/usr/local/texlive/2012/texmf-dist/tex/latex/base/fontenc.sty
Package: fontenc 2005/09/27 v1.99g Standard LaTeX package

(/usr/local/texlive/2012/texmf-dist/tex/latex/euenc/eu2enc.def
File: eu2enc.def 2010/05/27 v0.1h Experimental Unicode font encodings
)
LaTeX Font Info:    Try loading font information for EU2+lmr on input line 100.


(/usr/local/texlive/2012/texmf-dist/tex/latex/euenc/eu2lmr.fd
File: eu2lmr.fd 2009/10/30 v1.6 Font defs for Latin Modern
)
luaotfload | load font: auto-selecting default features for script: dflt (was l
atn)(load: /Users/mico/Library/texlive/2012/texmf-var/luatex-cache/generic/font
s/otf/temp-lmroman10-regular.lua))
(/usr/local/texlive/2012/texmf-dist/tex/xelatex/xunicode/xunicode.sty
File: xunicode.sty 2011/09/09 v0.981 provides access to latin accents and many 
other characters in Unicode lower plane

(/usr/local/texlive/2012/texmf-dist/tex/latex/tipa/t3enc.def
File: t3enc.def 2001/12/31 T3 encoding
luaotfload | load font: auto-selecting default features for script: dflt (was l
atn)(load: /Users/mico/Library/texlive/2012/texmf-var/luatex-cache/generic/font
s/otf/temp-lmromanslant10-regular.lua)
luaotfload | load font: auto-selecting default features for script: dflt (was l
atn)(load: /Users/mico/Library/texlive/2012/texmf-var/luatex-cache/generic/font
s/otf/temp-lmroman10-italic.lua)
luaotfload | load font: auto-selecting default features for script: dflt (was l
atn)(load: /Users/mico/Library/texlive/2012/texmf-var/luatex-cache/generic/font
s/otf/temp-lmroman10-bold.lua)
LaTeX Font Info:    Try loading font information for EU2+lmss on input line 357
.

(/usr/local/texlive/2012/texmf-dist/tex/latex/euenc/eu2lmss.fd
File: eu2lmss.fd 2009/10/30 v1.6 Font defs for Latin Modern
)
luaotfload | load font: auto-selecting default features for script: dflt (was l
atn)(load: /Users/mico/Library/texlive/2012/texmf-var/luatex-cache/generic/font
s/otf/temp-lmsans10-regular.lua))
\tipaTiiicode=\count315
\tipasavetokens=\toks15
\tipachecktokens=\toks16

(/usr/local/texlive/2012/texmf-dist/tex/latex/graphics/graphicx.sty
Package: graphicx 1999/02/16 v1.0f Enhanced LaTeX Graphics (DPC,SPQR)

(/usr/local/texlive/2012/texmf-dist/tex/latex/graphics/keyval.sty
Package: keyval 1999/03/16 v1.13 key=value parser (DPC)
\KV@toks@=\toks17
)
(/usr/local/texlive/2012/texmf-dist/tex/latex/graphics/graphics.sty
Package: graphics 2009/02/05 v1.0o Standard LaTeX Graphics (DPC,SPQR)

(/usr/local/texlive/2012/texmf-dist/tex/latex/graphics/trig.sty
Package: trig 1999/03/16 v1.09 sin cos tan (DPC)
)
(/usr/local/texlive/2012/texmf-dist/tex/latex/latexconfig/graphics.cfg
File: graphics.cfg 2010/04/23 v1.9 graphics configuration of TeX Live
)
Package graphics Info: Driver file: pdftex.def on input line 91.

(/usr/local/texlive/2012/texmf-dist/tex/latex/pdftex-def/pdftex.def
File: pdftex.def 2011/05/27 v0.06d Graphics/color for pdfTeX
\Gread@gobject=\count316
))
\Gin@req@height=\dimen288
\Gin@req@width=\dimen289
))
.................................................
. LaTeX info: "xparse/define-command"
. 
. Defining document command \fontspec with arg. spec. 'O{}m' on line 42.
.................................................
.................................................
. LaTeX info: "xparse/define-command"
. 
. Defining document command \setmainfont with arg. spec. 'O{}m' on line 46.
.................................................
.................................................
. LaTeX info: "xparse/define-command"
. 
. Defining document command \setsansfont with arg. spec. 'O{}m' on line 50.
.................................................
.................................................
. LaTeX info: "xparse/define-command"
. 
. Defining document command \setmonofont with arg. spec. 'O{}m' on line 54.
.................................................
.................................................
. LaTeX info: "xparse/define-command"
. 
. Defining document command \setmathrm with arg. spec. 'O{}m' on line 62.
.................................................
.................................................
. LaTeX info: "xparse/define-command"
. 
. Defining document command \setboldmathrm with arg. spec. 'O{}m' on line 65.
.................................................
.................................................
. LaTeX info: "xparse/define-command"
. 
. Defining document command \setmathsf with arg. spec. 'O{}m' on line 68.
.................................................
.................................................
. LaTeX info: "xparse/define-command"
. 
. Defining document command \setmathtt with arg. spec. 'O{}m' on line 71.
.................................................
.................................................
. LaTeX info: "xparse/define-command"
. 
. Defining document command \newfontfamily with arg. spec. 'mO{}m' on line 87.
.................................................
.................................................
. LaTeX info: "xparse/define-command"
. 
. Defining document command \newfontface with arg. spec. 'mO{}m' on line 90.
.................................................
.................................................
. LaTeX info: "xparse/define-command"
. 
. Defining document command \defaultfontfeatures with arg. spec. 'm' on line
. 94.
.................................................
.................................................
. LaTeX info: "xparse/define-command"
. 
. Defining document command \addfontfeatures with arg. spec. 'm' on line 110.
.................................................
.................................................
. LaTeX info: "xparse/define-command"
. 
. Defining document command \newfontfeature with arg. spec. 'mm' on line 121.
.................................................
.................................................
. LaTeX info: "xparse/define-command"
. 
. Defining document command \newAATfeature with arg. spec. 'mmmm' on line 128.
.................................................
.................................................
. LaTeX info: "xparse/define-command"
. 
. Defining document command \newICUfeature with arg. spec. 'mmm' on line 135.
.................................................
.................................................
. LaTeX info: "xparse/define-command"
. 
. Defining document command \aliasfontfeature with arg. spec. 'mm' on line
. 162.
.................................................
.................................................
. LaTeX info: "xparse/define-command"
. 
. Defining document command \aliasfontfeatureoption with arg. spec. 'mmm' on
. line 167.
.................................................
.................................................
. LaTeX info: "xparse/define-command"
. 
. Defining document command \newfontscript with arg. spec. 'mm' on line 172.
.................................................
.................................................
. LaTeX info: "xparse/define-command"
. 
. Defining document command \newfontlanguage with arg. spec. 'mm' on line 195.
.................................................
.................................................
. LaTeX info: "xparse/define-command"
. 
. Defining document command \DeclareFontsExtensions with arg. spec. 'm' on
. line 214.
.................................................
Variant \prop_gput:cnV already defined; not changing it on line 489
Variant \prop_gput:cnx already defined; not changing it on line 490
\l_fontspec_tmp_int=\count317
LaTeX Info: Redefining \itshape on input line 1819.
LaTeX Info: Redefining \slshape on input line 1823.
LaTeX Info: Redefining \scshape on input line 1827.
LaTeX Info: Redefining \upshape on input line 1831.

(/usr/local/texlive/2012/texmf-dist/tex/latex/fontspec/fontspec.cfg)))
luaotfload | Font names database loaded: /Users/mico/Library/texlive/2012/texmf
-var/luatex-cache/generic/names/otfl-names.lua
luaotfload | load font: font family='garamondpremierpro', subfamily='regular' f
ound: /Library/Fonts/GaramondPremrPro.otf(load: /Users/mico/Library/texlive/201
2/texmf-var/luatex-cache/generic/fonts/otf/temp-garamondpremrpro.lua)
luaotfload | load font: font family='garamondpremierpro', subfamily='regular' f
ound: /Library/Fonts/GaramondPremrPro.otf
fontspec: script 'latn' exists in font 'Garamond Premiere Pro Regular'
fontspec: script 'latn' exists in font 'Garamond Premiere Pro Regular'
fontspec: feature '+onum' for language 'DFLT' and script 'latn' exists in font 
'Garamond Premiere Pro Regular'
fontspec: feature '+liga' for language 'DFLT' and script 'latn' exists in font 
'Garamond Premiere Pro Regular'
fontspec: feature '+dlig' for language 'DFLT' and script 'latn' exists in font 
'Garamond Premiere Pro Regular'
\g_fontspec_family_Garamond Premier Pro_int=\count318
luaotfload | load font: font family='garamondpremierpro', subfamily='regular' f
ound: /Library/Fonts/GaramondPremrPro.otf
fontspec: feature '+onum' for language 'DFLT' and script 'latn' exists in font 
'Garamond Premiere Pro Regular'
fontspec: feature '+liga' for language 'DFLT' and script 'latn' exists in font 
'Garamond Premiere Pro Regular'
fontspec: feature '+dlig' for language 'DFLT' and script 'latn' exists in font 
'Garamond Premiere Pro Regular'
fontspec: feature '+smcp' for language 'DFLT' and script 'latn' exists in font 
'Garamond Premiere Pro Regular'
fontspec: feature '+onum' for language 'DFLT' and script 'latn' exists in font 
'Garamond Premiere Pro Regular'
fontspec: feature '+liga' for language 'DFLT' and script 'latn' exists in font 
'Garamond Premiere Pro Regular'
fontspec: feature '+dlig' for language 'DFLT' and script 'latn' exists in font 
'Garamond Premiere Pro Regular'
fontspec: feature '+smcp' for language 'DFLT' and script 'latn' exists in font 
'Garamond Premiere Pro Regular'
luaotfload | load font: font family='garamondpremierpro', subfamily='regular' f
ound: /Library/Fonts/GaramondPremrPro.otf
.................................................
. fontspec info: "no-font-shape"
. 
. Could not resolve font GaramondPremierPro/B (it probably doesn't exist).
.................................................
luaotfload | load font: font family='garamondpremierproitalic', subfamily='regu
lar' found: /Library/Fonts/GaramondPremrPro-It.otf(load: /Users/mico/Library/te
xlive/2012/texmf-var/luatex-cache/generic/fonts/otf/temp-garamondpremrpro-it.lu
a)
fontspec: feature '+onum' for language 'DFLT' and script 'latn' exists in font 
'Garamond Premier Pro Italic'
fontspec: feature '+liga' for language 'DFLT' and script 'latn' exists in font 
'Garamond Premier Pro Italic'
fontspec: feature '+dlig' for language 'DFLT' and script 'latn' exists in font 
'Garamond Premier Pro Italic'
fontspec: feature '+smcp' for language 'DFLT' and script 'latn' exists in font 
'Garamond Premier Pro Italic'
fontspec: feature '+onum' for language 'DFLT' and script 'latn' exists in font 
'Garamond Premier Pro Italic'
fontspec: feature '+liga' for language 'DFLT' and script 'latn' exists in font 
'Garamond Premier Pro Italic'
fontspec: feature '+dlig' for language 'DFLT' and script 'latn' exists in font 
'Garamond Premier Pro Italic'
fontspec: feature '+smcp' for language 'DFLT' and script 'latn' exists in font 
'Garamond Premier Pro Italic'
luaotfload | load font: font family='garamondpremierproitalic', subfamily='regu
lar' found: /Library/Fonts/GaramondPremrPro-It.otf
luaotfload | load font: font family='garamondpremierproitalic', subfamily='bold
' found: /Library/Fonts/GaramondPremrPro-It.otf
.................................................
. fontspec info: "no-font-shape"
. 
. Could not resolve font GaramondPremierProItalic/B (it probably doesn't
. exist).
.................................................
.................................................
. fontspec info: "defining-font"
. 
. Font family 'GaramondPremierPro(0)' created for font 'Garamond Premier Pro'
. with options [Numbers = OldStyle, Ligatures = {TeX, Common, Discretionary},
. ItalicFont = {Garamond Premier Pro Italic} ].
. 
. This font family consists of the following shapes:
. 
. * 'normal' with NFSS spec.:
. 
. <->"name:GaramondPremierPro:mode=node;script=latn;language=DFLT;+onum;+tlig;+
trep;+liga;+dlig;"
. 
. * 'small caps' with NFSS spec.:
. 
. <->"name:GaramondPremierPro:mode=node;script=latn;language=DFLT;+onum;+tlig;+
trep;+liga;+dlig;+smcp;"
. 
. * 'italic' with NFSS spec.:
. 
. <->"name:GaramondPremierProItalic:mode=node;script=latn;language=DFLT;+onum;+
tlig;+trep;+liga;+dlig;"
. 
. * 'italic small caps' with NFSS spec.:
. 
. <->"name:GaramondPremierProItalic:mode=node;script=latn;language=DFLT;+onum;+
tlig;+trep;+liga;+dlig;+smcp;"
.................................................
luaotfload | load font: auto-selecting default features for script: dflt (was l
atn)
luaotfload | load font: font family='garamondpremierpro', subfamily='regular' f
ound: /Library/Fonts/GaramondPremrPro.otf
luaotfload | load font: font family='helveticaneue', subfamily='regular' found:
 /System/Library/Fonts/HelveticaNeue.dfont(load: /Users/mico/Library/texlive/20
12/texmf-var/luatex-cache/generic/fonts/otf/temp-helveticaneue-3.lua)
luaotfload | load font: font family='helveticaneue', subfamily='regular' found:
 /System/Library/Fonts/HelveticaNeue.dfont
fontspec: script 'latn' exists in font 'Helvetica Neue'
fontspec: script 'latn' exists in font 'Helvetica Neue'
.................................................
. fontspec info: "set-scale"
. 
. HelveticaNeue scale = 0.7659590167079374.
.................................................
\g_fontspec_family_HelveticaNeue_int=\count319
luaotfload | load font: font family='helveticaneue', subfamily='regular' found:
 /System/Library/Fonts/HelveticaNeue.dfont
.................................................
. fontspec info: "set-scale"
. 
. HelveticaNeue scale = 0.7659590167079374.
.................................................
luaotfload | load font: font family='helveticaneue', subfamily='regular' found:
 /System/Library/Fonts/HelveticaNeue.dfont
luaotfload | load font: font family='helveticaneue', subfamily='bold' found: /S
ystem/Library/Fonts/HelveticaNeue.dfont(load: /Users/mico/Library/texlive/2012/
texmf-var/luatex-cache/generic/fonts/otf/temp-helveticaneue-2.lua)
luaotfload | load font: font family='helveticaneue', subfamily='bold' found: /S
ystem/Library/Fonts/HelveticaNeue.dfont
.................................................
. fontspec info: "set-scale"
. 
. HelveticaNeue/B scale = 0.7659590167079374.
.................................................
luaotfload | load font: font family='helveticaneue', subfamily='regular' found:
 /System/Library/Fonts/HelveticaNeue.dfont
luaotfload | load font: font family='helveticaneue', subfamily='italic' found: 
/System/Library/Fonts/HelveticaNeue.dfont(load: /Users/mico/Library/texlive/201
2/texmf-var/luatex-cache/generic/fonts/otf/temp-helveticaneue-6.lua)
luaotfload | load font: font family='helveticaneue', subfamily='italic' found: 
/System/Library/Fonts/HelveticaNeue.dfont
.................................................
. fontspec info: "set-scale"
. 
. HelveticaNeue/I scale = 0.7659590167079374.
.................................................
luaotfload | load font: font family='helveticaneue', subfamily='regular' found:
 /System/Library/Fonts/HelveticaNeue.dfont
luaotfload | load font: font family='helveticaneue', subfamily='bolditalic' fou
nd: /System/Library/Fonts/HelveticaNeue.dfont(load: /Users/mico/Library/texlive
/2012/texmf-var/luatex-cache/generic/fonts/otf/temp-helveticaneue-5.lua)
luaotfload | load font: font family='helveticaneue', subfamily='bolditalic' fou
nd: /System/Library/Fonts/HelveticaNeue.dfont
.................................................
. fontspec info: "set-scale"
. 
. HelveticaNeue/BI scale = 0.7659590167079374.
.................................................
.................................................
. fontspec info: "defining-font"
. 
. Font family 'HelveticaNeue(0)' created for font 'HelveticaNeue' with options
. [Scale=MatchLowercase].
. 
. This font family consists of the following shapes:
. 
. * 'normal' with NFSS spec.:
. 
. <->s*[0.7659590167079374]"name:HelveticaNeue:mode=node;script=latn;language=D
FLT;"
. 
. * 'bold' with NFSS spec.:
. 
. <->s*[0.7659590167079374]"name:HelveticaNeue/B:mode=node;script=latn;language
=DFLT;"
. 
. * 'italic' with NFSS spec.:
. 
. <->s*[0.7659590167079374]"name:HelveticaNeue/I:mode=node;script=latn;language
=DFLT;"
. 
. * 'bold italic' with NFSS spec.:
. 
. <->s*[0.7659590167079374]"name:HelveticaNeue/BI:mode=node;script=latn;languag
e=DFLT;"
.................................................
luaotfload | load font: font family='consolas', subfamily='regular' found: /Lib
rary/Fonts/Microsoft/Consolas.ttf(load: /Users/mico/Library/texlive/2012/texmf-
var/luatex-cache/generic/fonts/otf/temp-consolas.lua)
luaotfload | load font: font family='consolas', subfamily='regular' found: /Lib
rary/Fonts/Microsoft/Consolas.ttf
fontspec: script 'latn' exists in font 'Consolas'
fontspec: script 'latn' exists in font 'Consolas'
.................................................
. fontspec info: "set-scale"
. 
. Consolas scale = 0.8077782619521913.
.................................................
\g_fontspec_family_Consolas_int=\count320
luaotfload | load font: font family='consolas', subfamily='regular' found: /Lib
rary/Fonts/Microsoft/Consolas.ttf
.................................................
. fontspec info: "set-scale"
. 
. Consolas scale = 0.8077782619521913.
.................................................
luaotfload | load font: font family='consolas', subfamily='regular' found: /Lib
rary/Fonts/Microsoft/Consolas.ttf
luaotfload | load font: font family='consolas', subfamily='bold' found: /Librar
y/Fonts/Microsoft/Consolas Bold.ttf(load: /Users/mico/Library/texlive/2012/texm
f-var/luatex-cache/generic/fonts/otf/temp-consolas-bold.lua)
luaotfload | load font: font family='consolas', subfamily='bold' found: /Librar
y/Fonts/Microsoft/Consolas Bold.ttf
.................................................
. fontspec info: "set-scale"
. 
. Consolas/B scale = 0.7982375738188977.
.................................................
luaotfload | load font: font family='consolas', subfamily='regular' found: /Lib
rary/Fonts/Microsoft/Consolas.ttf
luaotfload | load font: font family='consolas', subfamily='italic' found: /Libr
ary/Fonts/Microsoft/Consolas Italic.ttf(load: /Users/mico/Library/texlive/2012/
texmf-var/luatex-cache/generic/fonts/otf/temp-consolas-italic.lua)
luaotfload | load font: font family='consolas', subfamily='italic' found: /Libr
ary/Fonts/Microsoft/Consolas Italic.ttf
.................................................
. fontspec info: "set-scale"
. 
. Consolas/I scale = 0.8077782619521913.
.................................................
luaotfload | load font: font family='consolas', subfamily='regular' found: /Lib
rary/Fonts/Microsoft/Consolas.ttf
luaotfload | load font: font family='consolas', subfamily='bolditalic' found: /
Library/Fonts/Microsoft/Consolas Bold Italic.ttf(load: /Users/mico/Library/texl
ive/2012/texmf-var/luatex-cache/generic/fonts/otf/temp-consolas-bold-italic.lua
)
luaotfload | load font: font family='consolas', subfamily='bolditalic' found: /
Library/Fonts/Microsoft/Consolas Bold Italic.ttf
.................................................
. fontspec info: "set-scale"
. 
. Consolas/BI scale = 0.7982375738188977.
.................................................
.................................................
. fontspec info: "defining-font"
. 
. Font family 'Consolas(0)' created for font 'Consolas' with options
. [Scale=MatchLowercase].
. 
. This font family consists of the following shapes:
. 
. * 'normal' with NFSS spec.:
. 
. <->s*[0.8077782619521913]"name:Consolas:mode=node;script=latn;language=DFLT;"

. 
. * 'bold' with NFSS spec.:
. 
. <->s*[0.7982375738188977]"name:Consolas/B:mode=node;script=latn;language=DFLT
;"
. 
. * 'italic' with NFSS spec.:
. 
. <->s*[0.8077782619521913]"name:Consolas/I:mode=node;script=latn;language=DFLT
;"
. 
. * 'bold italic' with NFSS spec.:
. 
. <->s*[0.7982375738188977]"name:Consolas/BI:mode=node;script=latn;language=DFL
T;"
.................................................
luaotfload | load font: font family='unifrakturmaguntia', subfamily='regular' f
ound: /Users/mico/Library/Fonts/UnifrakturMaguntia.ttf(load: /Users/mico/Librar
y/texlive/2012/texmf-var/luatex-cache/generic/fonts/otf/temp-unifrakturmaguntia
.lua)
luaotfload | load font: font family='unifrakturmaguntia', subfamily='regular' f
ound: /Users/mico/Library/Fonts/UnifrakturMaguntia.ttf
fontspec: script 'latn' exists in font 'UnifrakturMaguntia'
fontspec: script 'latn' exists in font 'UnifrakturMaguntia'
fontspec: feature '-liga' for language 'DFLT' and script 'latn' exists in font 
'UnifrakturMaguntia'
\g_fontspec_family_UnifrakturMaguntia_int=\count321
luaotfload | load font: font family='unifrakturmaguntia', subfamily='regular' f
ound: /Users/mico/Library/Fonts/UnifrakturMaguntia.ttf
fontspec: feature '-liga' for language 'DFLT' and script 'latn' exists in font 
'UnifrakturMaguntia'
luaotfload | load font: font family='unifrakturmaguntia', subfamily='regular' f
ound: /Users/mico/Library/Fonts/UnifrakturMaguntia.ttf
.................................................
. fontspec info: "no-font-shape"
. 
. Could not resolve font UnifrakturMaguntia/B (it probably doesn't exist).
.................................................
luaotfload | load font: font family='unifrakturmaguntia', subfamily='regular' f
ound: /Users/mico/Library/Fonts/UnifrakturMaguntia.ttf
.................................................
. fontspec info: "no-font-shape"
. 
. Could not resolve font UnifrakturMaguntia/I (it probably doesn't exist).
.................................................
luaotfload | load font: font family='unifrakturmaguntia', subfamily='regular' f
ound: /Users/mico/Library/Fonts/UnifrakturMaguntia.ttf
.................................................
. fontspec info: "no-font-shape"
. 
. Could not resolve font UnifrakturMaguntia/BI (it probably doesn't exist).
.................................................
.................................................
. fontspec info: "defining-font"
. 
. Font family 'UnifrakturMaguntia(0)' created for font 'UnifrakturMaguntia'
. with options [Ligatures = NoCommon].
. 
. This font family consists of the following shapes:
. 
. * 'normal' with NFSS spec.:
. <->"name:UnifrakturMaguntia:mode=node;script=latn;language=DFLT;-liga;"
.................................................
luaotfload | load font: font family='ebgaramond12regular', subfamily='regular' 
found: /Users/mico/Library/Fonts/EBGaramond12-Regular.otf(load: /Users/mico/Lib
rary/texlive/2012/texmf-var/luatex-cache/generic/fonts/otf/temp-ebgaramond12-re
gular.lua)
luaotfload | load font: font family='ebgaramond12regular', subfamily='regular' 
found: /Users/mico/Library/Fonts/EBGaramond12-Regular.otf
fontspec: script 'latn' exists in font 'EB Garamond 12 Regular'
fontspec: script 'latn' exists in font 'EB Garamond 12 Regular'
fontspec: feature '+onum' for language 'DFLT' and script 'latn' exists in font 
'EB Garamond 12 Regular'
fontspec: feature '+liga' for language 'DFLT' and script 'latn' exists in font 
'EB Garamond 12 Regular'
fontspec: feature '+dlig' for language 'DFLT' and script 'latn' exists in font 
'EB Garamond 12 Regular'
\g_fontspec_family_EB Garamond 12 Regular_int=\count322
luaotfload | load font: font family='ebgaramond12regular', subfamily='regular' 
found: /Users/mico/Library/Fonts/EBGaramond12-Regular.otf
fontspec: feature '+onum' for language 'DFLT' and script 'latn' exists in font 
'EB Garamond 12 Regular'
fontspec: feature '+liga' for language 'DFLT' and script 'latn' exists in font 
'EB Garamond 12 Regular'
fontspec: feature '+dlig' for language 'DFLT' and script 'latn' exists in font 
'EB Garamond 12 Regular'
fontspec: feature '+smcp' for language 'DFLT' and script 'latn' exists in font 
'EB Garamond 12 Regular'
fontspec: feature '+onum' for language 'DFLT' and script 'latn' exists in font 
'EB Garamond 12 Regular'
fontspec: feature '+liga' for language 'DFLT' and script 'latn' exists in font 
'EB Garamond 12 Regular'
fontspec: feature '+dlig' for language 'DFLT' and script 'latn' exists in font 
'EB Garamond 12 Regular'
fontspec: feature '+smcp' for language 'DFLT' and script 'latn' exists in font 
'EB Garamond 12 Regular'
luaotfload | load font: font family='ebgaramond12regular', subfamily='regular' 
found: /Users/mico/Library/Fonts/EBGaramond12-Regular.otf
luaotfload | load font: font family='ebgaramond12regular', subfamily='bold' fou
nd: /Users/mico/Library/Fonts/EBGaramond12-Regular.otf
.................................................
. fontspec info: "no-font-shape"
. 
. Could not resolve font EBGaramond12Regular/B (it probably doesn't exist).
.................................................
luaotfload | load font: font family='ebgaramond12italic', subfamily='regular' f
ound: /Users/mico/Library/Fonts/EBGaramond12-Italic.otf(load: /Users/mico/Libra
ry/texlive/2012/texmf-var/luatex-cache/generic/fonts/otf/temp-ebgaramond12-ital
ic.lua)
fontspec: feature '+onum' for language 'DFLT' and script 'latn' exists in font 
'EB Garamond 12 Italic'
fontspec: feature '+liga' for language 'DFLT' and script 'latn' exists in font 
'EB Garamond 12 Italic'
fontspec: feature '+dlig' for language 'DFLT' and script 'latn' exists in font 
'EB Garamond 12 Italic'
fontspec: feature '+smcp' for language 'DFLT' and script 'latn' exists in font 
'EB Garamond 12 Italic'
fontspec: feature '+onum' for language 'DFLT' and script 'latn' exists in font 
'EB Garamond 12 Italic'
fontspec: feature '+liga' for language 'DFLT' and script 'latn' exists in font 
'EB Garamond 12 Italic'
fontspec: feature '+dlig' for language 'DFLT' and script 'latn' exists in font 
'EB Garamond 12 Italic'
fontspec: feature '+smcp' for language 'DFLT' and script 'latn' exists in font 
'EB Garamond 12 Italic'
luaotfload | load font: font family='ebgaramond12italic', subfamily='regular' f
ound: /Users/mico/Library/Fonts/EBGaramond12-Italic.otf
luaotfload | load font: font family='ebgaramond12italic', subfamily='bold' foun
d: /Users/mico/Library/Fonts/EBGaramond12-Italic.otf
.................................................
. fontspec info: "no-font-shape"
. 
. Could not resolve font EBGaramond12Italic/B (it probably doesn't exist).
.................................................
.................................................
. fontspec info: "defining-font"
. 
. Font family 'EBGaramond12Regular(0)' created for font 'EB Garamond 12
. Regular' with options [Numbers = OldStyle, Ligatures = {TeX, Common,
. Discretionary}, ItalicFont = {EB Garamond 12 Italic}].
. 
. This font family consists of the following shapes:
. 
. * 'normal' with NFSS spec.:
. 
. <->"name:EBGaramond12Regular:mode=node;script=latn;language=DFLT;+onum;+tlig;
+trep;+liga;+dlig;"
. 
. * 'small caps' with NFSS spec.:
. 
. <->"name:EBGaramond12Regular:mode=node;script=latn;language=DFLT;+onum;+tlig;
+trep;+liga;+dlig;+smcp;"
. 
. * 'italic' with NFSS spec.:
. 
. <->"name:EBGaramond12Italic:mode=node;script=latn;language=DFLT;+onum;+tlig;+
trep;+liga;+dlig;"
. 
. * 'italic small caps' with NFSS spec.:
. 
. <->"name:EBGaramond12Italic:mode=node;script=latn;language=DFLT;+onum;+tlig;+
trep;+liga;+dlig;+smcp;"
.................................................
 (./selnolig.sty
Package: selnolig 2012/11/15

(/usr/local/texlive/2012/texmf-dist/tex/lualatex/luacode/luacode.sty
Package: luacode 2012/01/23 v1.2a lua-in-tex helpers (mpg)
\luacode@lines=\toks18
\luacode@table@soft=\luatexcatcodetable13
)
----Package selnolig, Version 0.151, Date 2012/11/16----
luaotfload | load font: auto-selecting default features for script: dflt (was l
atn)
luaotfload | load font: font family='garamondpremierpro', subfamily='regular' f
ound: /Library/Fonts/GaramondPremrPro.otf
(./selnolig.lua)
Module luatexbase-mcb info: inserting 'Filter ligatures'
(luatexbase-mcb)            at position 1 in 'ligaturing'
(./selnolig-english-patterns.sty
Package: selnolig-english-patterns 2012/11/15
) (./selnolig-english-hyphex.sty
Package: selnolig-english-hyphex 2012/11/15
)
(./selnolig-german-patterns.sty
Package: selnolig-german-patterns 2012/11/15
) (./selnolig-german-hyphex.sty
Package: selnolig-german-hyphex 2012/11/15
))
(/usr/local/texlive/2012/texmf-dist/tex/latex/geometry/geometry.sty
Package: geometry 2010/09/12 v5.6 Page Geometry

(/usr/local/texlive/2012/texmf-dist/tex/generic/oberdiek/ifvtex.sty
Package: ifvtex 2010/03/01 v1.5 Detect VTeX and its facilities (HO)
Package ifvtex Info: VTeX not detected.
)
(/usr/local/texlive/2012/texmf-dist/tex/generic/ifxetex/ifxetex.sty
Package: ifxetex 2010/09/12 v0.6 Provides ifxetex conditional
)
\Gm@cnth=\count323
\Gm@cntv=\count324
\c@Gm@tempcnt=\count325
\Gm@bindingoffset=\dimen290
\Gm@wd@mp=\dimen291
\Gm@odd@mp=\dimen292
\Gm@even@mp=\dimen293
\Gm@layoutwidth=\dimen294
\Gm@layoutheight=\dimen295
\Gm@layouthoffset=\dimen296
\Gm@layoutvoffset=\dimen297
\Gm@dimlist=\toks19
)
(/usr/local/texlive/2012/texmf-dist/tex/latex/csquotes/csquotes.sty
Package: csquotes 2011/10/22 v5.1d context-sensitive quotations

(/usr/local/texlive/2012/texmf-dist/tex/latex/etoolbox/etoolbox.sty
Package: etoolbox 2011/01/03 v2.1 e-TeX tools for LaTeX
\etb@tempcnta=\count326
)
\csq@reset=\count327
\csq@gtype=\count328
\csq@glevel=\count329
\csq@qlevel=\count330
\csq@maxlvl=\count331
\csq@tshold=\count332
\csq@ltx@everypar=\toks20

(/usr/local/texlive/2012/texmf-dist/tex/latex/csquotes/csquotes.def
File: csquotes.def 2011/10/22 v5.1d csquotes generic definitions
)
Package csquotes Info: Trying to load configuration file 'csquotes.cfg'...
Package csquotes Info: ... configuration file loaded successfully.

(/usr/local/texlive/2012/texmf-dist/tex/latex/csquotes/csquotes.cfg
File: csquotes.cfg 
)
Package csquotes Info: Redefining alias 'english' -> 'english/american'.
)
(/usr/local/texlive/2012/texmf-dist/tex/generic/babel/babel.sty
Package: babel 2008/07/08 v3.8m The Babel package

(/usr/local/texlive/2012/texmf-dist/tex/generic/babel/ngermanb.ldf
Language: ngermanb 2008/07/06 v2.6n new German support from the babel system

(/usr/local/texlive/2012/texmf-dist/tex/generic/babel/babel.def
File: babel.def 2008/07/08 v3.8m Babel common definitions
\babel@savecnt=\count333
\U@D=\dimen298
)
luatex-hyphen: using data file: /usr/local/texlive/2012/texmf-var/tex/generic/c
onfig/language.dat.lua
\l@naustrian = a dialect from \language\l@ngerman 
Package babel Info: Making " an active character on input line 92.
luatex-hyphen: loading patterns and exceptions for: ngerman (\language30)
luatex-hyphen: info: no hyphenation exceptions for this language)
(/usr/local/texlive/2012/texmf-dist/tex/generic/babel/english.ldf
Language: english 2005/03/30 v3.3o English support from the babel system
\l@canadian = a dialect from \language\l@american 
\l@australian = a dialect from \language\l@british 
\l@newzealand = a dialect from \language\l@british 
))
(/usr/local/texlive/2012/../texmf-local/tex/latex/microtype/microtype.sty
Package: microtype 2011/08/18 v2.5 <beta-07> Micro-typographical refinements (R
S)
\MT@toks=\toks21
\MT@count=\count334
LaTeX Info: Redefining \textls on input line 766.
\MT@outer@kern=\dimen299
LaTeX Info: Redefining \textmicrotypecontext on input line 1284.
\MT@listname@count=\count335

(/usr/local/texlive/2012/../texmf-local/tex/latex/microtype/microtype-luatex.de
f
File: microtype-luatex.def 2011/08/18 v2.5 <beta-07> Definitions specific to lu
atex (RS)
LaTeX Info: Redefining \lsstyle on input line 613.
LaTeX Info: Redefining \lslig on input line 613.
\MT@outer@space=\skip260
)
Package microtype Info: Loading configuration file microtype.cfg.
 (/usr/local/texlive/2012/../texmf-local/tex/latex/microtype/microtype.cfg
File: microtype.cfg 2011/08/18 v2.5 <beta-07> microtype main configuration file
 (RS)
))
(/usr/local/texlive/2012/texmf-dist/tex/latex/tools/multicol.sty
Package: multicol 2011/06/27 v1.7a multicolumn formatting (FMi)
\c@tracingmulticols=\count336
\mult@box=\box269
\multicol@leftmargin=\dimen300
\c@unbalance=\count337
\c@collectmore=\count338
\doublecol@number=\count339
\multicoltolerance=\count340
\multicolpretolerance=\count341
\full@width=\dimen301
\page@free=\dimen302
\premulticols=\dimen303
\postmulticols=\dimen304
\multicolsep=\skip261
\multicolbaselineskip=\skip262
\partial@page=\box270
\last@line=\box271
\mult@rightbox=\box272
\mult@grightbox=\box273
\mult@gfirstbox=\box274
\mult@firstbox=\box275
\@tempa=\box276
\@tempa=\box277
\@tempa=\box278
\@tempa=\box279
\@tempa=\box280
\@tempa=\box281
\@tempa=\box282
\@tempa=\box283
\@tempa=\box284
\@tempa=\box285
\@tempa=\box286
\@tempa=\box287
\@tempa=\box288
\@tempa=\box289
\@tempa=\box290
\@tempa=\box291
\@tempa=\box292
\c@columnbadness=\count342
\c@finalcolumnbadness=\count343
\last@try=\dimen305
\multicolovershoot=\dimen306
\multicolundershoot=\dimen307
\mult@nat@firstbox=\box293
\colbreak@box=\box294
\multicol@sort@counter=\count344
)
(/usr/local/texlive/2012/texmf-dist/tex/latex/sectsty/sectsty.sty
Package: sectsty 2002/02/25 v2.0.2 Commands to change all sectional heading sty
les
)
(/usr/local/texlive/2012/texmf-dist/tex/latex/tocloft/tocloft.sty
Package: tocloft 2010/10/13 v2.3e parameterised ToC, etc., typesetting
Package tocloft Info: The document has section divisions on input line 43.
\cftparskip=\skip263
\cftbeforetoctitleskip=\skip264
\cftaftertoctitleskip=\skip265
\cftbeforepartskip=\skip266
\cftpartnumwidth=\skip267
\cftpartindent=\skip268
\cftbeforesecskip=\skip269
\cftsecindent=\skip270
\cftsecnumwidth=\skip271
\cftbeforesubsecskip=\skip272
\cftsubsecindent=\skip273
\cftsubsecnumwidth=\skip274
\cftbeforesubsubsecskip=\skip275
\cftsubsubsecindent=\skip276
\cftsubsubsecnumwidth=\skip277
\cftbeforeparaskip=\skip278
\cftparaindent=\skip279
\cftparanumwidth=\skip280
\cftbeforesubparaskip=\skip281
\cftsubparaindent=\skip282
\cftsubparanumwidth=\skip283
\cftbeforeloftitleskip=\skip284
\cftafterloftitleskip=\skip285
\cftbeforefigskip=\skip286
\cftfigindent=\skip287
\cftfignumwidth=\skip288
\c@lofdepth=\count345
\c@lotdepth=\count346
\cftbeforelottitleskip=\skip289
\cftafterlottitleskip=\skip290
\cftbeforetabskip=\skip291
\cfttabindent=\skip292
\cfttabnumwidth=\skip293
)
(/usr/local/texlive/2012/texmf-dist/tex/latex/fancyvrb/fancyvrb.sty
Package: fancyvrb 2008/02/07

Style option: `fancyvrb' v2.7a, with DG/SPQR fixes, and firstline=lastline fix 
<2008/02/07> (tvz)
\FV@CodeLineNo=\count347
\FV@InFile=\read1
\FV@TabBox=\box295
\c@FancyVerbLine=\count348
\FV@StepNumber=\count349
\FV@OutFile=\write3
)
(/usr/local/texlive/2012/texmf-dist/tex/latex/footmisc/footmisc.sty
Package: footmisc 2011/06/06 v5.5b a miscellany of footnote facilities
\FN@temptoken=\toks22
\footnotemargin=\dimen308
\c@pp@next@reset=\count350
Package footmisc Info: Declaring symbol style bringhurst on input line 855.
Package footmisc Info: Declaring symbol style chicago on input line 863.
Package footmisc Info: Declaring symbol style wiley on input line 872.
Package footmisc Info: Declaring symbol style lamport-robust on input line 883.

Package footmisc Info: Declaring symbol style lamport* on input line 903.
Package footmisc Info: Declaring symbol style lamport*-robust on input line 924
.
)
(/usr/local/texlive/2012/texmf-dist/tex/latex/xcolor/xcolor.sty
Package: xcolor 2007/01/21 v2.11 LaTeX color extensions (UK)

(/usr/local/texlive/2012/texmf-dist/tex/latex/latexconfig/color.cfg
File: color.cfg 2007/01/18 v1.5 color configuration of teTeX/TeXLive
)
Package xcolor Info: Driver file: pdftex.def on input line 225.
Package xcolor Info: Model `cmy' substituted by `cmy0' on input line 1337.
Package xcolor Info: Model `hsb' substituted by `rgb' on input line 1341.
Package xcolor Info: Model `RGB' extended on input line 1353.
Package xcolor Info: Model `HTML' substituted by `rgb' on input line 1355.
Package xcolor Info: Model `Hsb' substituted by `hsb' on input line 1356.
Package xcolor Info: Model `tHsb' substituted by `hsb' on input line 1357.
Package xcolor Info: Model `HSB' substituted by `hsb' on input line 1358.
Package xcolor Info: Model `Gray' substituted by `gray' on input line 1359.
Package xcolor Info: Model `wave' substituted by `hsb' on input line 1360.

(/usr/local/texlive/2012/texmf-dist/tex/latex/xcolor/svgnam.def
File: svgnam.def 2007/01/21 v2.11 Predefined colors according to SVG 1.1 (UK)
))
(/usr/local/texlive/2012/texmf-dist/tex/latex/hyperref/hyperref.sty
Package: hyperref 2012/11/06 v6.83m Hypertext links for LaTeX

(/usr/local/texlive/2012/texmf-dist/tex/generic/oberdiek/hobsub-hyperref.sty
Package: hobsub-hyperref 2012/05/28 v1.13 Bundle oberdiek, subset hyperref (HO)


(/usr/local/texlive/2012/texmf-dist/tex/generic/oberdiek/hobsub-generic.sty
Package: hobsub-generic 2012/05/28 v1.13 Bundle oberdiek, subset generic (HO)
Package: hobsub 2012/05/28 v1.13 Construct package bundles (HO)
Package hobsub Info: Skipping package `infwarerr' (already loaded).
Package hobsub Info: Skipping package `ltxcmds' (already loaded).
Package hobsub Info: Skipping package `ifluatex' (already loaded).
Package hobsub Info: Skipping package `ifvtex' (already loaded).
Package: intcalc 2007/09/27 v1.1 Expandable calculations with integers (HO)
Package hobsub Info: Skipping package `ifpdf' (already loaded).
Package: etexcmds 2011/02/16 v1.5 Avoid name clashes with e-TeX commands (HO)
Package: kvsetkeys 2012/04/25 v1.16 Key value parser (HO)
Package: kvdefinekeys 2011/04/07 v1.3 Define keys (HO)
Package hobsub Info: Skipping package `luatex-loader' (already loaded).
Package hobsub Info: Skipping package `pdftexcmds' (already loaded).
Package: pdfescape 2011/11/25 v1.13 Implements pdfTeX's escape features (HO)
Package: bigintcalc 2012/04/08 v1.3 Expandable calculations on big integers (HO
)
Package: bitset 2011/01/30 v1.1 Handle bit-vector datatype (HO)
Package: uniquecounter 2011/01/30 v1.2 Provide unlimited unique counter (HO)
)
Package hobsub Info: Skipping package `hobsub' (already loaded).
Package: letltxmacro 2010/09/02 v1.4 Let assignment for LaTeX macros (HO)
Package: hopatch 2012/05/28 v1.2 Wrapper for package hooks (HO)
Package: xcolor-patch 2011/01/30 xcolor patch
Package: atveryend 2011/06/30 v1.8 Hooks at the very end of document (HO)
Package: atbegshi 2011/10/05 v1.16 At begin shipout hook (HO)
Package: refcount 2011/10/16 v3.4 Data extraction from label references (HO)
Package: hycolor 2011/01/30 v1.7 Color options for hyperref/bookmark (HO)
)
(/usr/local/texlive/2012/texmf-dist/tex/latex/oberdiek/auxhook.sty
Package: auxhook 2011/03/04 v1.3 Hooks for auxiliary files (HO)
)
(/usr/local/texlive/2012/texmf-dist/tex/latex/oberdiek/kvoptions.sty
Package: kvoptions 2011/06/30 v3.11 Key value format for package options (HO)
)
\@linkdim=\dimen309
\Hy@linkcounter=\count351
\Hy@pagecounter=\count352

(/usr/local/texlive/2012/texmf-dist/tex/latex/hyperref/pd1enc.def
File: pd1enc.def 2012/11/06 v6.83m Hyperref: PDFDocEncoding definition (HO)
)
\Hy@SavedSpaceFactor=\count353

(/usr/local/texlive/2012/texmf-dist/tex/latex/latexconfig/hyperref.cfg
File: hyperref.cfg 2002/06/06 v1.2 hyperref configuration of TeXLive
)
Package hyperref Info: Option `colorlinks' set `true' on input line 4319.
Package hyperref Info: Option `linktocpage' set `true' on input line 4319.
Package hyperref Info: Hyper figures OFF on input line 4443.
Package hyperref Info: Link nesting OFF on input line 4448.
Package hyperref Info: Hyper index ON on input line 4451.
Package hyperref Info: Plain pages OFF on input line 4458.
Package hyperref Info: Backreferencing OFF on input line 4463.
Package hyperref Info: Implicit mode ON; LaTeX internals redefined.
Package hyperref Info: Bookmarks ON on input line 4688.
\c@Hy@tempcnt=\count354

(/usr/local/texlive/2012/texmf-dist/tex/latex/url/url.sty
\Urlmuskip=\muskip16
Package: url 2006/04/12  ver 3.3  Verb mode for urls, etc.
)
LaTeX Info: Redefining \url on input line 5041.
\XeTeXLinkMargin=\dimen310
\Fld@menulength=\count355
\Field@Width=\dimen311
\Fld@charsize=\dimen312
Package hyperref Info: Hyper figures OFF on input line 6295.
Package hyperref Info: Link nesting OFF on input line 6300.
Package hyperref Info: Hyper index ON on input line 6303.
Package hyperref Info: backreferencing OFF on input line 6310.
Package hyperref Info: Link coloring ON on input line 6313.
Package hyperref Info: Link coloring with OCG OFF on input line 6320.
Package hyperref Info: PDF/A mode OFF on input line 6325.
LaTeX Info: Redefining \ref on input line 6365.
LaTeX Info: Redefining \pageref on input line 6369.
\Hy@abspage=\count356
\c@Item=\count357
\c@Hfootnote=\count358
)

Package hyperref Message: Driver (autodetected): hpdftex.

(/usr/local/texlive/2012/texmf-dist/tex/latex/hyperref/hpdftex.def
File: hpdftex.def 2012/11/06 v6.83m Hyperref driver for pdfTeX
\Fld@listcount=\count359
\c@bookmark@seq@number=\count360

(/usr/local/texlive/2012/texmf-dist/tex/latex/oberdiek/rerunfilecheck.sty
Package: rerunfilecheck 2011/04/15 v1.7 Rerun checks for auxiliary files (HO)
Package uniquecounter Info: New unique counter `rerunfilecheck' on input line 2
82.
)
\Hy@SectionHShift=\skip294
)
(/usr/local/texlive/2012/texmf-dist/tex/latex/cleveref/cleveref.sty
Package: cleveref 2012/09/25 v0.18.6 Intelligent cross-referencing
Package cleveref Info: `hyperref' support loaded on input line 2163.
LaTeX Info: Redefining \cref on input line 2163.
LaTeX Info: Redefining \Cref on input line 2163.
LaTeX Info: Redefining \crefrange on input line 2163.
LaTeX Info: Redefining \Crefrange on input line 2163.
LaTeX Info: Redefining \cpageref on input line 2163.
LaTeX Info: Redefining \Cpageref on input line 2163.
LaTeX Info: Redefining \cpagerefrange on input line 2163.
LaTeX Info: Redefining \Cpagerefrange on input line 2163.
LaTeX Info: Redefining \labelcref on input line 2163.
LaTeX Info: Redefining \labelcpageref on input line 2163.
Package cleveref Info: always capitalise cross-reference names on input line 68
96.
Package cleveref Info: include cross-reference names in hyperlinks on input lin
e 6902.
Package cleveref Info: always capitalise cross-reference names on input line 69
19.
Package cleveref Info: include cross-reference names in hyperlinks on input lin
e 6919.
Package cleveref Info: no abbreviation of names on input line 6919.
)
Package csquotes Info: Checking for multilingual support...
Package csquotes Info: ... found 'babel' package.
Package csquotes Info: Adjusting default style.
Package csquotes Info: Redefining alias 'default' -> 'english'.

(./selnolig.aux)
LaTeX Font Info:    Checking defaults for OML/cmm/m/it on input line 113.
LaTeX Font Info:    ... okay on input line 113.
LaTeX Font Info:    Checking defaults for T1/cmr/m/n on input line 113.
LaTeX Font Info:    ... okay on input line 113.
LaTeX Font Info:    Checking defaults for OT1/cmr/m/n on input line 113.
LaTeX Font Info:    ... okay on input line 113.
LaTeX Font Info:    Checking defaults for OMS/cmsy/m/n on input line 113.
LaTeX Font Info:    ... okay on input line 113.
LaTeX Font Info:    Checking defaults for OMX/cmex/m/n on input line 113.
LaTeX Font Info:    ... okay on input line 113.
LaTeX Font Info:    Checking defaults for U/cmr/m/n on input line 113.
LaTeX Font Info:    ... okay on input line 113.
LaTeX Font Info:    Checking defaults for EU2/lmr/m/n on input line 113.
LaTeX Font Info:    ... okay on input line 113.
LaTeX Font Info:    Checking defaults for T3/cmr/m/n on input line 113.
LaTeX Font Info:    Try loading font information for T3+cmr on input line 113.
 (/usr/local/texlive/2012/texmf-dist/tex/latex/tipa/t3cmr.fd
File: t3cmr.fd 2001/12/31 TIPA font definitions
)
LaTeX Font Info:    ... okay on input line 113.
LaTeX Font Info:    Checking defaults for PD1/pdf/m/n on input line 113.
LaTeX Font Info:    ... okay on input line 113.
luaotfload | load font: auto-selecting default features for script: dflt (was l
atn)
luaotfload | load font: font family='garamondpremierpro', subfamily='regular' f
ound: /Library/Fonts/GaramondPremrPro.otf
(/usr/local/texlive/2012/texmf-dist/tex/context/base/supp-pdf.mkii
[Loading MPS to PDF converter (version 2006.09.02).]
\scratchcounter=\count361
\scratchdimen=\dimen313
\scratchbox=\box296
\nofMPsegments=\count362
\nofMParguments=\count363
\everyMPshowfont=\toks23
\MPscratchCnt=\count364
\MPscratchDim=\dimen314
\MPnumerator=\count365
\makeMPintoPDFobject=\count366
\everyMPtoPDFconversion=\toks24
) (/usr/local/texlive/2012/texmf-dist/tex/latex/oberdiek/epstopdf-base.sty
Package: epstopdf-base 2010/02/09 v2.5 Base part for package epstopdf

(/usr/local/texlive/2012/texmf-dist/tex/latex/oberdiek/grfext.sty
Package: grfext 2010/08/19 v1.1 Manage graphics extensions (HO)
)
Package grfext Info: Graphics extension search list:
(grfext)             [.png,.pdf,.jpg,.mps,.jpeg,.jbig2,.jb2,.PNG,.PDF,.JPG,.JPE
G,.JBIG2,.JB2,.eps]
(grfext)             \AppendGraphicsExtensions on input line 452.

(/usr/local/texlive/2012/texmf-dist/tex/latex/latexconfig/epstopdf-sys.cfg
File: epstopdf-sys.cfg 2010/07/13 v1.3 Configuration of (r)epstopdf for TeX Liv
e
))
.................................................
. fontspec info: "setup-math"
. 
. Adjusting the maths setup (use [no-math] to avoid this).
.................................................
\symlegacymaths=\mathgroup4
LaTeX Font Info:    Overwriting symbol font `legacymaths' in version `bold'
(Font)                  OT1/cmr/m/n --> OT1/cmr/bx/n on input line 113.
LaTeX Font Info:    Redeclaring math accent \acute on input line 113.
LaTeX Font Info:    Redeclaring math accent \grave on input line 113.
LaTeX Font Info:    Redeclaring math accent \ddot on input line 113.
LaTeX Font Info:    Redeclaring math accent \tilde on input line 113.
LaTeX Font Info:    Redeclaring math accent \bar on input line 113.
LaTeX Font Info:    Redeclaring math accent \breve on input line 113.
LaTeX Font Info:    Redeclaring math accent \check on input line 113.
LaTeX Font Info:    Redeclaring math accent \hat on input line 113.
LaTeX Font Info:    Redeclaring math accent \dot on input line 113.
LaTeX Font Info:    Redeclaring math accent \mathring on input line 113.
LaTeX Font Info:    Redeclaring math symbol \colon on input line 113.
LaTeX Font Info:    Redeclaring math symbol \Gamma on input line 113.
LaTeX Font Info:    Redeclaring math symbol \Delta on input line 113.
LaTeX Font Info:    Redeclaring math symbol \Theta on input line 113.
LaTeX Font Info:    Redeclaring math symbol \Lambda on input line 113.
LaTeX Font Info:    Redeclaring math symbol \Xi on input line 113.
LaTeX Font Info:    Redeclaring math symbol \Pi on input line 113.
LaTeX Font Info:    Redeclaring math symbol \Sigma on input line 113.
LaTeX Font Info:    Redeclaring math symbol \Upsilon on input line 113.
LaTeX Font Info:    Redeclaring math symbol \Phi on input line 113.
LaTeX Font Info:    Redeclaring math symbol \Psi on input line 113.
LaTeX Font Info:    Redeclaring math symbol \Omega on input line 113.
LaTeX Font Info:    Redeclaring math symbol \mathdollar on input line 113.
LaTeX Font Info:    Redeclaring symbol font `operators' on input line 113.
LaTeX Font Info:    Encoding `OT1' has changed to `EU2' for symbol font
(Font)              `operators' in the math version `normal' on input line 113.

LaTeX Font Info:    Overwriting symbol font `operators' in version `normal'
(Font)                  OT1/cmr/m/n --> EU2/GaramondPremierPro(0)/m/n on input 
line 113.
LaTeX Font Info:    Encoding `OT1' has changed to `EU2' for symbol font
(Font)              `operators' in the math version `bold' on input line 113.
LaTeX Font Info:    Overwriting symbol font `operators' in version `bold'
(Font)                  OT1/cmr/bx/n --> EU2/GaramondPremierPro(0)/m/n on input
 line 113.
LaTeX Font Info:    Overwriting symbol font `operators' in version `normal'
(Font)                  EU2/GaramondPremierPro(0)/m/n --> EU2/GaramondPremierPr
o(0)/m/n on input line 113.
LaTeX Font Info:    Overwriting math alphabet `\mathrm' in version `normal'
(Font)                  EU2/GaramondPremierPro(0)/m/n --> EU2/GaramondPremierPr
o(0)/m/n on input line 113.
LaTeX Font Info:    Overwriting math alphabet `\mathit' in version `normal'
(Font)                  OT1/cmr/m/it --> EU2/GaramondPremierPro(0)/m/it on inpu
t line 113.
LaTeX Font Info:    Overwriting math alphabet `\mathbf' in version `normal'
(Font)                  OT1/cmr/bx/n --> EU2/GaramondPremierPro(0)/bx/n on inpu
t line 113.
LaTeX Font Info:    Overwriting math alphabet `\mathsf' in version `normal'
(Font)                  OT1/cmss/m/n --> EU2/HelveticaNeue(0)/m/n on input line
 113.
LaTeX Font Info:    Overwriting math alphabet `\mathtt' in version `normal'
(Font)                  OT1/cmtt/m/n --> EU2/Consolas(0)/m/n on input line 113.

LaTeX Font Info:    Overwriting symbol font `operators' in version `bold'
(Font)                  EU2/GaramondPremierPro(0)/m/n --> EU2/GaramondPremierPr
o(0)/bx/n on input line 113.
LaTeX Font Info:    Overwriting math alphabet `\mathrm' in version `bold'
(Font)                  EU2/GaramondPremierPro(0)/m/n --> EU2/GaramondPremierPr
o(0)/bx/n on input line 113.
LaTeX Font Info:    Overwriting math alphabet `\mathit' in version `bold'
(Font)                  OT1/cmr/bx/it --> EU2/GaramondPremierPro(0)/bx/it on in
put line 113.
LaTeX Font Info:    Overwriting math alphabet `\mathsf' in version `bold'
(Font)                  OT1/cmss/bx/n --> EU2/HelveticaNeue(0)/bx/n on input li
ne 113.
LaTeX Font Info:    Overwriting math alphabet `\mathtt' in version `bold'
(Font)                  OT1/cmtt/m/n --> EU2/Consolas(0)/bx/n on input line 113
.

*geometry* driver: auto-detecting
*geometry* detected driver: pdftex
*geometry* verbose mode - [ preamble ] result:
* driver: pdftex
* paper: <default>
* layout: <same size as paper>
* layoutoffset:(h,v)=(0.0pt,0.0pt)
* modes: 
* h-part:(L,W,R)=(92.14519pt, 430.00462pt, 92.14519pt)
* v-part:(T,H,B)=(95.39737pt, 556.47656pt, 143.09605pt)
* \paperwidth=614.295pt
* \paperheight=794.96999pt
* \textwidth=430.00462pt
* \textheight=556.47656pt
* \oddsidemargin=19.8752pt
* \evensidemargin=19.8752pt
* \topmargin=-13.87262pt
* \headheight=12.0pt
* \headsep=25.0pt
* \topskip=12.0pt
* \footskip=30.0pt
* \marginparwidth=44.0pt
* \marginparsep=10.0pt
* \columnsep=10.0pt
* \skip\footins=10.8pt plus 4.0pt minus 2.0pt
* \hoffset=0.0pt
* \voffset=0.0pt
* \mag=1000
* \@twocolumnfalse
* \@twosidefalse
* \@mparswitchfalse
* \@reversemarginfalse
* (1in=72.27pt=25.4mm, 1cm=28.453pt)

LaTeX Info: Redefining \microtypecontext on input line 113.
Package microtype Info: Generating PDF output.
Package microtype Info: Character protrusion enabled (level 2).
Package microtype Info: Using default protrusion set `alltext'.
Package microtype Info: Automatic font expansion enabled (level 2),
(microtype)             stretch: 20, shrink: 20, step: 1, non-selected.
Package microtype Info: Using default expansion set `basictext'.
Package microtype Info: No adjustment of tracking.
Package microtype Info: No adjustment of spacing.
Package microtype Info: No adjustment of kerning.

Package microtype Warning: Loading generic settings for font family `GaramondPr
emierPro'.
(microtype)                For optimal results, create font-specific settings.
(microtype)                See the microtype manual for details.

\AtBeginShipoutBox=\box297
Package hyperref Info: Link coloring ON on input line 113.
(/usr/local/texlive/2012/texmf-dist/tex/latex/hyperref/nameref.sty
Package: nameref 2012/10/27 v2.43 Cross-referencing by name of section

(/usr/local/texlive/2012/texmf-dist/tex/generic/oberdiek/gettitlestring.sty
Package: gettitlestring 2010/12/03 v1.4 Cleanup title references (HO)
)
\c@section@level=\count367
)
LaTeX Info: Redefining \ref on input line 113.
LaTeX Info: Redefining \pageref on input line 113.
LaTeX Info: Redefining \nameref on input line 113.

(./selnolig.out) (./selnolig.out)
\@outlinefile=\write4
luaotfload | load font: auto-selecting default features for script: dflt (was l
atn)
luaotfload | load font: font family='garamondpremierpro', subfamily='regular' f
ound: /Library/Fonts/GaramondPremrPro.otf
luaotfload | load font: auto-selecting default features for script: dflt (was l
atn)
luaotfload | load font: font family='garamondpremierpro', subfamily='regular' f
ound: /Library/Fonts/GaramondPremrPro.otf
LaTeX Font Info:    External font `cmex10' loaded for size
(Font)              <20.74> on input line 117.
LaTeX Font Info:    External font `cmex10' loaded for size
(Font)              <14.4> on input line 117.
LaTeX Font Info:    External font `cmex10' loaded for size
(Font)              <12> on input line 117.

(/usr/local/texlive/2012/../texmf-local/tex/latex/microtype/mt-cmr.cfg
File: mt-cmr.cfg 2011/04/09 v2.1 microtype config. file: Computer Modern Roman 
(RS)
)
luaotfload | load font: auto-selecting default features for script: dflt (was l
atn)
luaotfload | load font: font family='garamondpremierpro', subfamily='regular' f
ound: /Library/Fonts/GaramondPremrPro.otf
LaTeX Font Info:    External font `cmex10' loaded for size
(Font)              <7> on input line 117.
luaotfload | load font: auto-selecting default features for script: dflt (was l
atn)
luaotfload | load font: font family='garamondpremierpro', subfamily='regular' f
ound: /Library/Fonts/GaramondPremrPro.otf
LaTeX Font Info:    External font `cmex10' loaded for size
(Font)              <5> on input line 117.
luaotfload | load font: auto-selecting default features for script: dflt (was l
atn)
luaotfload | load font: font family='ebgaramond12regular', subfamily='regular' 
found: /Users/mico/Library/Fonts/EBGaramond12-Regular.otf

Package microtype Warning: Loading generic settings for font family `EBGaramond
12Regular'.
(microtype)                For optimal results, create font-specific settings.
(microtype)                See the microtype manual for details.

(./selnolig.toc
luaotfload | load font: auto-selecting default features for script: dflt (was l
atn)
luaotfload | load font: font family='garamondpremierpro', subfamily='regular' f
ound: /Library/Fonts/GaramondPremrPro.otf
luaotfload | load font: auto-selecting default features for script: dflt (was l
atn)
luaotfload | load font: font family='garamondpremierpro', subfamily='regular' f
ound: /Library/Fonts/GaramondPremrPro.otf
LaTeX Font Info:    External font `cmex10' loaded for size
(Font)              <8> on input line 2.
LaTeX Font Info:    External font `cmex10' loaded for size
(Font)              <6> on input line 2.
 [1

{/usr/local/texlive/2012/texmf-var/fonts/map/pdftex/updmap/pdftex.map}]
luaotfload | load font: auto-selecting default features for script: dflt (was l
atn)
luaotfload | load font: font family='garamondpremierproitalic', subfamily='regu
lar' found: /Library/Fonts/GaramondPremrPro-It.otf)
\tf@toc=\write5
luaotfload | load font: auto-selecting default features for script: dflt (was l
atn)
luaotfload | load font: font family='garamondpremierpro', subfamily='regular' f
ound: /Library/Fonts/GaramondPremrPro.otf

LaTeX Font Warning: Font shape `EU2/GaramondPremierPro(0)/bx/n' undefined
(Font)              using `EU2/GaramondPremierPro(0)/m/n' instead on input line
 121.

[2]
luaotfload | load font: auto-selecting default features for script: dflt (was l
atn)
luaotfload | load font: font family='garamondpremierproitalic', subfamily='regu
lar' found: /Library/Fonts/GaramondPremrPro-It.otf
LaTeX Font Info:    Font shape `EU2/Consolas(0)/m/n' will be
(Font)              scaled to size 8.07785pt on input line 129.
luaotfload | load font: auto-selecting default features for script: dflt (was l
atn)
luaotfload | load font: font family='consolas', subfamily='regular' found: /Lib
rary/Fonts/Microsoft/Consolas.ttf

Package microtype Warning: Loading generic settings for font family `Consolas'.

(microtype)                For optimal results, create font-specific settings.
(microtype)                See the microtype manual for details.

LaTeX Font Info:    Font shape `EU2/HelveticaNeue(0)/m/n' will be
(Font)              scaled to size 7.6596pt on input line 129.
luaotfload | load font: auto-selecting default features for script: dflt (was l
atn)
luaotfload | load font: font family='helveticaneue', subfamily='regular' found:
 /System/Library/Fonts/HelveticaNeue.dfont

Package microtype Warning: Loading generic settings for font family `HelveticaN
eue'.
(microtype)                For optimal results, create font-specific settings.
(microtype)                See the microtype manual for details.

LaTeX Font Info:    Font shape `EU2/HelveticaNeue(0)/m/n' will be
(Font)              scaled to size 9.19153pt on input line 131.
luaotfload | load font: auto-selecting default features for script: dflt (was l
atn)
luaotfload | load font: font family='helveticaneue', subfamily='regular' found:
 /System/Library/Fonts/HelveticaNeue.dfont [3]
LaTeX Font Info:    Font shape `EU2/Consolas(0)/m/n' will be
(Font)              scaled to size 9.69342pt on input line 135.
luaotfload | load font: auto-selecting default features for script: dflt (was l
atn)
luaotfload | load font: font family='consolas', subfamily='regular' found: /Lib
rary/Fonts/Microsoft/Consolas.ttf
luaotfload | load font: auto-selecting default features for script: dflt (was l
atn)
luaotfload | load font: font family='ebgaramond12regular', subfamily='regular' 
found: /Users/mico/Library/Fonts/EBGaramond12-Regular.otf
luaotfload | load font: auto-selecting default features for script: dflt (was l
atn)
luaotfload | load font: font family='garamondpremierpro', subfamily='regular' f
ound: /Library/Fonts/GaramondPremrPro.otf
luaotfload | load font: auto-selecting default features for script: dflt (was l
atn)
luaotfload | load font: font family='garamondpremierpro', subfamily='regular' f
ound: /Library/Fonts/GaramondPremrPro.otf
luaotfload | load font: auto-selecting default features for script: dflt (was l
atn)
luaotfload | load font: font family='garamondpremierpro', subfamily='regular' f
ound: /Library/Fonts/GaramondPremrPro.otf [4] [5]
luaotfload | load font: auto-selecting default features for script: dflt (was l
atn)
luaotfload | load font: font family='garamondpremierpro', subfamily='regular' f
ound: /Library/Fonts/GaramondPremrPro.otf
Underfull \hbox (badness 1448) in paragraph at lines 207--208
[][][][]\EU2/GaramondPremierPro(0)/m/n/10 (+20) See e\EU2/GaramondPremierPro(0)
/m/n/10 s-p\EU2/GaramondPremierPro(0)/m/n/10 (+20) e-cially the que\EU2/Garamon
dPremierPro(0)/m/n/10 s-t\EU2/GaramondPremierPro(0)/m/n/10 (+20) ions [][]$\EU2
/Consolas(0)/m/n/10 http : / / tex . stackexchange . com / q / 48516 / 5001$[][
]\EU2/GaramondPremierPro(0)/m/n/10 (+20) , [][]$\EU2/Consolas(0)/m/n/10 http : 
/ / tex . stackexchange .
 []

[6] [7] [8]
luaotfload | load font: auto-selecting default features for script: dflt (was l
atn)
luaotfload | load font: font family='ebgaramond12italic', subfamily='regular' f
ound: /Users/mico/Library/Fonts/EBGaramond12-Italic.otf [9]
LaTeX Font Info:    Font shape `EU2/HelveticaNeue(0)/m/n' will be
(Font)              scaled to size 13.2358pt on input line 290.
luaotfload | load font: auto-selecting default features for script: dflt (was l
atn)
luaotfload | load font: font family='helveticaneue', subfamily='regular' found:
 /System/Library/Fonts/HelveticaNeue.dfont [10] [11] [12] [13] [14] [15]
luaotfload | load font: auto-selecting default features for script: dflt (was l
atn)
luaotfload | load font: font family='unifrakturmaguntia', subfamily='regular' f
ound: /Users/mico/Library/Fonts/UnifrakturMaguntia.ttf

Package microtype Warning: Loading generic settings for font family `Unifraktur
Maguntia'.
(microtype)                For optimal results, create font-specific settings.
(microtype)                See the microtype manual for details.

[16]
luaotfload | load font: auto-selecting default features for script: dflt (was l
atn)
luaotfload | load font: font family='garamondpremierproitalic', subfamily='regu
lar' found: /Library/Fonts/GaramondPremrPro-It.otf [17] [18] [19] [20] [21]
luaotfload | load font: auto-selecting default features for script: dflt (was l
atn)
luaotfload | load font: font family='garamondpremierpro', subfamily='regular' f
ound: /Library/Fonts/GaramondPremrPro.otf
LaTeX Font Info:    Font shape `EU2/Consolas(0)/m/n' will be
(Font)              scaled to size 8.84523pt on input line 518.
luaotfload | load font: auto-selecting default features for script: dflt (was l
atn)
luaotfload | load font: font family='consolas', subfamily='regular' found: /Lib
rary/Fonts/Microsoft/Consolas.ttf [22

] [23] [24] [25] [26] [27] [28

] [29] [30]
[31]
*geometry* verbose mode - [ newgeometry ] result:
* driver: pdftex
* paper: <default>
* layout: <same size as paper>
* layoutoffset:(h,v)=(0.0pt,0.0pt)
* modes: 
* h-part:(L,W,R)=(72.26999pt, 469.75502pt, 72.26999pt)
* v-part:(T,H,B)=(95.39737pt, 556.47656pt, 143.09605pt)
* \paperwidth=614.295pt
* \paperheight=794.96999pt
* \textwidth=469.75502pt
* \textheight=556.47656pt
* \oddsidemargin=0.0pt
* \evensidemargin=0.0pt
* \topmargin=-13.87262pt
* \headheight=12.0pt
* \headsep=25.0pt
* \topskip=12.0pt
* \footskip=30.0pt
* \marginparwidth=44.0pt
* \marginparsep=10.0pt
* \columnsep=10.0pt
* \skip\footins=10.8pt plus 4.0pt minus 2.0pt
* \hoffset=0.0pt
* \voffset=0.0pt
* \mag=1000
* \@twocolumnfalse
* \@twosidefalse
* \@mparswitchfalse
* \@reversemarginfalse
* (1in=72.27pt=25.4mm, 1cm=28.453pt)

 [32


] [33] [34] [35] [36] [37] [38] [39] [40] [41] [42] [43] [44] [45]
luaotfload | load font: auto-selecting default features for script: dflt (was l
atn)
luaotfload | load font: font family='garamondpremierproitalic', subfamily='regu
lar' found: /Library/Fonts/GaramondPremrPro-It.otf
[46

] [47] [48] [49] [50] [51] [52] [53] [54] [55]
Package atveryend Info: Empty hook `BeforeClearDocument' on input line 564.
 [56

]
Package atveryend Info: Empty hook `AfterLastShipout' on input line 564.
 (./selnolig.aux)
Package atveryend Info: Executing hook `AtVeryEndDocument' on input line 564.
Package atveryend Info: Executing hook `AtEndAfterFileList' on input line 564.
Package rerunfilecheck Info: File `selnolig.out' has not changed.
(rerunfilecheck)             Checksum: 483D3200D1D82320BF7608DF6CFFD5D6;2815.


LaTeX Font Warning: Some font shapes were not available, defaults substituted.

 )

Here is how much of LuaTeX's memory you used:
 25377 strings out of 494982
 100000,662416 words of node,token memory allocated
 533 words of node memory still in use:
   4 hlist, 1 vlist, 1 rule, 2 glue, 5 attribute, 71 glue_spec, 5 attribute_lis
t, 4 action, 1 write, 1 user_defined nodes
   avail lists: 1:1,2:12531,3:200,4:1107,5:1502,6:3874,7:166,8:19,9:376,10:325,
12:1
 27915 multiletter control sequences out of 65536+200000
 203 fonts using 56761547 bytes
 54i,11n,81p,1677b,563s stack positions out of 5000i,500n,10000p,200000b,50000s
</Users/mico/Library/Fonts/UnifrakturMaguntia.ttf></Users/mico/Library/Fonts/EB
Garamond12-Italic.otf></Library/Fonts/Microsoft/Consolas.ttf><./HelveticaNeue.C
QiZBY></Library/Fonts/GaramondPremrPro-It.otf></Users/mico/Library/Fonts/EBGara
mond12-Regular.otf></Library/Fonts/GaramondPremrPro.otf></usr/local/texlive/201
2/texmf-dist/fonts/type1/public/amsfonts/cm/cmmi12.pfb>
Output written on selnolig.pdf (56 pages, 247427 bytes).

PDF statistics: 577 PDF objects out of 1000 (max. 8388607)
 492 compressed objects within 5 object streams
 124 named destinations out of 1000 (max. 131072)
 241 words of extra memory for PDF output out of 10000 (max. 10000000)

